# JRE version: OpenJDK Runtime Environment Microsoft-40648 (11.0.16.1+1) (build 11.0.16.1+1-LTS)
# Java VM: OpenJDK 64-Bit Server VM Microsoft-40648 (11.0.16.1+1-LTS, mixed mode, tiered, compressed oops, g1 gc, windows-amd64)
Heap:
 garbage-first heap   total 370688K, used 194339K [0x00000000c0000000, 0x0000000100000000)
  region size 1024K, 67 young (68608K), 11 survivors (11264K)
 Metaspace       used 15114K, capacity 15377K, committed 15488K, reserved 1062912K
  class space    used 1514K, capacity 1611K, committed 1664K, reserved 1048576K
GC Heap History (20 events):
Event: 2.693 GC heap before
{Heap before GC invocations=8 (full 0):
 garbage-first heap   total 131072K, used 86884K [0x00000000c0000000, 0x0000000100000000)
  region size 1024K, 46 young (47104K), 6 survivors (6144K)
 Metaspace       used 13338K, capacity 13490K, committed 13696K, reserved 1060864K
  class space    used 1278K, capacity 1351K, committed 1408K, reserved 1048576K
}
Event: 2.707 GC heap after
{Heap after GC invocations=9 (full 0):
 garbage-first heap   total 131072K, used 56832K [0x00000000c0000000, 0x0000000100000000)
  region size 1024K, 6 young (6144K), 6 survivors (6144K)
 Metaspace       used 13338K, capacity 13490K, committed 13696K, reserved 1060864K
  class space    used 1278K, capacity 1351K, committed 1408K, reserved 1048576K
}
Event: 2.841 GC heap before
{Heap before GC invocations=9 (full 0):
 garbage-first heap   total 131072K, used 69120K [0x00000000c0000000, 0x0000000100000000)
  region size 1024K, 19 young (19456K), 6 survivors (6144K)
 Metaspace       used 13457K, capacity 13666K, committed 13696K, reserved 1060864K
  class space    used 1293K, capacity 1389K, committed 1408K, reserved 1048576K
}
Event: 2.856 GC heap after
{Heap after GC invocations=10 (full 0):
 garbage-first heap   total 131072K, used 60928K [0x00000000c0000000, 0x0000000100000000)
  region size 1024K, 3 young (3072K), 3 survivors (3072K)
 Metaspace       used 13457K, capacity 13666K, committed 13696K, reserved 1060864K
  class space    used 1293K, capacity 1389K, committed 1408K, reserved 1048576K
}
Event: 3.081 GC heap before
{Heap before GC invocations=10 (full 0):
 garbage-first heap   total 131072K, used 88576K [0x00000000c0000000, 0x0000000100000000)
  region size 1024K, 30 young (30720K), 3 survivors (3072K)
 Metaspace       used 13551K, capacity 13743K, committed 13952K, reserved 1062912K
  class space    used 1298K, capacity 1392K, committed 1408K, reserved 1048576K
}
Event: 3.096 GC heap after
{Heap after GC invocations=11 (full 0):
 garbage-first heap   total 131072K, used 67060K [0x00000000c0000000, 0x0000000100000000)
  region size 1024K, 4 young (4096K), 4 survivors (4096K)
 Metaspace       used 13551K, capacity 13743K, committed 13952K, reserved 1062912K
  class space    used 1298K, capacity 1392K, committed 1408K, reserved 1048576K
}
Event: 3.247 GC heap before
{Heap before GC invocations=11 (full 0):
 garbage-first heap   total 131072K, used 92660K [0x00000000c0000000, 0x0000000100000000)
  region size 1024K, 29 young (29696K), 4 survivors (4096K)
 Metaspace       used 13574K, capacity 13745K, committed 13952K, reserved 1062912K
  class space    used 1300K, capacity 1392K, committed 1408K, reserved 1048576K
}
Event: 3.264 GC heap after
{Heap after GC invocations=12 (full 0):
 garbage-first heap   total 131072K, used 73054K [0x00000000c0000000, 0x0000000100000000)
  region size 1024K, 4 young (4096K), 4 survivors (4096K)
 Metaspace       used 13574K, capacity 13745K, committed 13952K, reserved 1062912K
  class space    used 1300K, capacity 1392K, committed 1408K, reserved 1048576K
}
Event: 3.414 GC heap before
{Heap before GC invocations=13 (full 0):
 garbage-first heap   total 131072K, used 97630K [0x00000000c0000000, 0x0000000100000000)
  region size 1024K, 28 young (28672K), 4 survivors (4096K)
 Metaspace       used 13550K, capacity 13707K, committed 13952K, reserved 1062912K
  class space    used 1292K, capacity 1376K, committed 1408K, reserved 1048576K
}
Event: 3.435 GC heap after
{Heap after GC invocations=14 (full 0):
 garbage-first heap   total 200704K, used 79199K [0x00000000c0000000, 0x0000000100000000)
  region size 1024K, 4 young (4096K), 4 survivors (4096K)
 Metaspace       used 13550K, capacity 13707K, committed 13952K, reserved 1062912K
  class space    used 1292K, capacity 1376K, committed 1408K, reserved 1048576K
}
Event: 4.233 GC heap before
{Heap before GC invocations=14 (full 0):
 garbage-first heap   total 200704K, used 122207K [0x00000000c0000000, 0x0000000100000000)
  region size 1024K, 46 young (47104K), 4 survivors (4096K)
 Metaspace       used 13552K, capacity 13710K, committed 13952K, reserved 1062912K
  class space    used 1292K, capacity 1376K, committed 1408K, reserved 1048576K
}
Event: 4.318 GC heap after
{Heap after GC invocations=15 (full 0):
 garbage-first heap   total 200704K, used 89884K [0x00000000c0000000, 0x0000000100000000)
  region size 1024K, 6 young (6144K), 6 survivors (6144K)
 Metaspace       used 13552K, capacity 13710K, committed 13952K, reserved 1062912K
  class space    used 1292K, capacity 1376K, committed 1408K, reserved 1048576K
}
Event: 4.548 GC heap before
{Heap before GC invocations=15 (full 0):
 garbage-first heap   total 200704K, used 134940K [0x00000000c0000000, 0x0000000100000000)
  region size 1024K, 47 young (48128K), 6 survivors (6144K)
 Metaspace       used 13552K, capacity 13710K, committed 13952K, reserved 1062912K
  class space    used 1292K, capacity 1376K, committed 1408K, reserved 1048576K
}
Event: 4.579 GC heap after
{Heap after GC invocations=16 (full 0):
 garbage-first heap   total 200704K, used 103090K [0x00000000c0000000, 0x0000000100000000)
  region size 1024K, 6 young (6144K), 6 survivors (6144K)
 Metaspace       used 13552K, capacity 13710K, committed 13952K, reserved 1062912K
  class space    used 1292K, capacity 1376K, committed 1408K, reserved 1048576K
}
Event: 4.715 GC heap before
{Heap before GC invocations=16 (full 0):
 garbage-first heap   total 200704K, used 142002K [0x00000000c0000000, 0x0000000100000000)
  region size 1024K, 44 young (45056K), 6 survivors (6144K)
 Metaspace       used 13552K, capacity 13710K, committed 13952K, reserved 1062912K
  class space    used 1292K, capacity 1376K, committed 1408K, reserved 1048576K
}
Event: 4.740 GC heap after
{Heap after GC invocations=17 (full 0):
 garbage-first heap   total 200704K, used 111616K [0x00000000c0000000, 0x0000000100000000)
  region size 1024K, 6 young (6144K), 6 survivors (6144K)
 Metaspace       used 13552K, capacity 13710K, committed 13952K, reserved 1062912K
  class space    used 1292K, capacity 1376K, committed 1408K, reserved 1048576K
}
Event: 5.070 GC heap before
{Heap before GC invocations=18 (full 0):
 garbage-first heap   total 200704K, used 149504K [0x00000000c0000000, 0x0000000100000000)
  region size 1024K, 42 young (43008K), 6 survivors (6144K)
 Metaspace       used 13551K, capacity 13708K, committed 13952K, reserved 1062912K
  class space    used 1291K, capacity 1375K, committed 1408K, reserved 1048576K
}
Event: 5.097 GC heap after
{Heap after GC invocations=19 (full 0):
 garbage-first heap   total 370688K, used 121241K [0x00000000c0000000, 0x0000000100000000)
  region size 1024K, 6 young (6144K), 6 survivors (6144K)
 Metaspace       used 13551K, capacity 13708K, committed 13952K, reserved 1062912K
  class space    used 1291K, capacity 1375K, committed 1408K, reserved 1048576K
}
Event: 6.295 GC heap before
{Heap before GC invocations=19 (full 0):
 garbage-first heap   total 370688K, used 204185K [0x00000000c0000000, 0x0000000100000000)
  region size 1024K, 87 young (89088K), 6 survivors (6144K)
 Metaspace       used 15111K, capacity 15377K, committed 15488K, reserved 1062912K
  class space    used 1514K, capacity 1611K, committed 1664K, reserved 1048576K
}
Event: 6.327 GC heap after
{Heap after GC invocations=20 (full 0):
 garbage-first heap   total 370688K, used 138019K [0x00000000c0000000, 0x0000000100000000)
  region size 1024K, 11 young (11264K), 11 survivors (11264K)
 Metaspace       used 15111K, capacity 15377K, committed 15488K, reserved 1062912K
  class space    used 1514K, capacity 1611K, committed 1664K, reserved 1048576K
}

