# JRE version: OpenJDK Runtime Environment Microsoft-40648 (11.0.16.1+1) (build 11.0.16.1+1-LTS)
# Java VM: OpenJDK 64-Bit Server VM Microsoft-40648 (11.0.16.1+1-LTS, mixed mode, tiered, compressed oops, g1 gc, windows-amd64)
Heap:
 garbage-first heap   total 534528K, used 236032K [0x00000000c0000000, 0x0000000100000000)
  region size 1024K, 36 young (36864K), 15 survivors (15360K)
 Metaspace       used 16849K, capacity 17177K, committed 17280K, reserved 1064960K
  class space    used 1716K, capacity 1851K, committed 1920K, reserved 1048576K
GC Heap History (20 events):
Event: 4.570 GC heap before
{Heap before GC invocations=14 (full 0):
 garbage-first heap   total 161792K, used 114550K [0x00000000c0000000, 0x0000000100000000)
  region size 1024K, 36 young (36864K), 5 survivors (5120K)
 Metaspace       used 13547K, capacity 13811K, committed 13952K, reserved 1062912K
  class space    used 1300K, capacity 1391K, committed 1408K, reserved 1048576K
}
Event: 4.593 GC heap after
{Heap after GC invocations=15 (full 0):
 garbage-first heap   total 161792K, used 91981K [0x00000000c0000000, 0x0000000100000000)
  region size 1024K, 5 young (5120K), 5 survivors (5120K)
 Metaspace       used 13547K, capacity 13811K, committed 13952K, reserved 1062912K
  class space    used 1300K, capacity 1391K, committed 1408K, reserved 1048576K
}
Event: 4.760 GC heap before
{Heap before GC invocations=16 (full 0):
 garbage-first heap   total 161792K, used 120653K [0x00000000c0000000, 0x0000000100000000)
  region size 1024K, 33 young (33792K), 5 survivors (5120K)
 Metaspace       used 13523K, capacity 13773K, committed 13952K, reserved 1062912K
  class space    used 1291K, capacity 1375K, committed 1408K, reserved 1048576K
}
Event: 4.786 GC heap after
{Heap after GC invocations=17 (full 0):
 garbage-first heap   total 244736K, used 99204K [0x00000000c0000000, 0x0000000100000000)
  region size 1024K, 5 young (5120K), 5 survivors (5120K)
 Metaspace       used 13523K, capacity 13773K, committed 13952K, reserved 1062912K
  class space    used 1291K, capacity 1375K, committed 1408K, reserved 1048576K
}
Event: 4.808 GC heap before
{Heap before GC invocations=17 (full 0):
 garbage-first heap   total 244736K, used 105348K [0x00000000c0000000, 0x0000000100000000)
  region size 1024K, 11 young (11264K), 5 survivors (5120K)
 Metaspace       used 13523K, capacity 13773K, committed 13952K, reserved 1062912K
  class space    used 1291K, capacity 1375K, committed 1408K, reserved 1048576K
}
Event: 4.882 GC heap after
{Heap after GC invocations=18 (full 0):
 garbage-first heap   total 244736K, used 100779K [0x00000000c0000000, 0x0000000100000000)
  region size 1024K, 2 young (2048K), 2 survivors (2048K)
 Metaspace       used 13523K, capacity 13773K, committed 13952K, reserved 1062912K
  class space    used 1291K, capacity 1375K, committed 1408K, reserved 1048576K
}
Event: 5.171 GC heap before
{Heap before GC invocations=18 (full 0):
 garbage-first heap   total 244736K, used 155051K [0x00000000c0000000, 0x0000000100000000)
  region size 1024K, 52 young (53248K), 2 survivors (2048K)
 Metaspace       used 13523K, capacity 13773K, committed 13952K, reserved 1062912K
  class space    used 1291K, capacity 1375K, committed 1408K, reserved 1048576K
}
Event: 5.196 GC heap after
{Heap after GC invocations=19 (full 0):
 garbage-first heap   total 244736K, used 115212K [0x00000000c0000000, 0x0000000100000000)
  region size 1024K, 7 young (7168K), 7 survivors (7168K)
 Metaspace       used 13523K, capacity 13773K, committed 13952K, reserved 1062912K
  class space    used 1291K, capacity 1375K, committed 1408K, reserved 1048576K
}
Event: 5.691 GC heap before
{Heap before GC invocations=19 (full 0):
 garbage-first heap   total 244736K, used 167436K [0x00000000c0000000, 0x0000000100000000)
  region size 1024K, 57 young (58368K), 7 survivors (7168K)
 Metaspace       used 14916K, capacity 15178K, committed 15232K, reserved 1062912K
  class space    used 1501K, capacity 1610K, committed 1664K, reserved 1048576K
}
Event: 5.728 GC heap after
{Heap after GC invocations=20 (full 0):
 garbage-first heap   total 244736K, used 127232K [0x00000000c0000000, 0x0000000100000000)
  region size 1024K, 8 young (8192K), 8 survivors (8192K)
 Metaspace       used 14916K, capacity 15178K, committed 15232K, reserved 1062912K
  class space    used 1501K, capacity 1610K, committed 1664K, reserved 1048576K
}
Event: 6.575 GC heap before
{Heap before GC invocations=20 (full 0):
 garbage-first heap   total 244736K, used 175360K [0x00000000c0000000, 0x0000000100000000)
  region size 1024K, 55 young (56320K), 8 survivors (8192K)
 Metaspace       used 15104K, capacity 15375K, committed 15488K, reserved 1062912K
  class space    used 1514K, capacity 1610K, committed 1664K, reserved 1048576K
}
Event: 6.603 GC heap after
{Heap after GC invocations=21 (full 0):
 garbage-first heap   total 405504K, used 136613K [0x00000000c0000000, 0x0000000100000000)
  region size 1024K, 7 young (7168K), 7 survivors (7168K)
 Metaspace       used 15104K, capacity 15375K, committed 15488K, reserved 1062912K
  class space    used 1514K, capacity 1610K, committed 1664K, reserved 1048576K
}
Event: 7.400 GC heap before
{Heap before GC invocations=22 (full 0):
 garbage-first heap   total 405504K, used 229797K [0x00000000c0000000, 0x0000000100000000)
  region size 1024K, 98 young (100352K), 7 survivors (7168K)
 Metaspace       used 15107K, capacity 15375K, committed 15488K, reserved 1062912K
  class space    used 1514K, capacity 1610K, committed 1664K, reserved 1048576K
}
Event: 7.501 GC heap after
{Heap after GC invocations=23 (full 0):
 garbage-first heap   total 405504K, used 154536K [0x00000000c0000000, 0x0000000100000000)
  region size 1024K, 13 young (13312K), 13 survivors (13312K)
 Metaspace       used 15107K, capacity 15375K, committed 15488K, reserved 1062912K
  class space    used 1514K, capacity 1610K, committed 1664K, reserved 1048576K
}
Event: 8.362 GC heap before
{Heap before GC invocations=23 (full 0):
 garbage-first heap   total 405504K, used 261032K [0x00000000c0000000, 0x0000000100000000)
  region size 1024K, 117 young (119808K), 13 survivors (13312K)
 Metaspace       used 15108K, capacity 15376K, committed 15488K, reserved 1062912K
  class space    used 1514K, capacity 1610K, committed 1664K, reserved 1048576K
}
Event: 8.484 GC heap after
{Heap after GC invocations=24 (full 0):
 garbage-first heap   total 405504K, used 174592K [0x00000000c0000000, 0x0000000100000000)
  region size 1024K, 15 young (15360K), 15 survivors (15360K)
 Metaspace       used 15108K, capacity 15376K, committed 15488K, reserved 1062912K
  class space    used 1514K, capacity 1610K, committed 1664K, reserved 1048576K
}
Event: 9.560 GC heap before
{Heap before GC invocations=24 (full 0):
 garbage-first heap   total 405504K, used 283136K [0x00000000c0000000, 0x0000000100000000)
  region size 1024K, 121 young (123904K), 15 survivors (15360K)
 Metaspace       used 16829K, capacity 17177K, committed 17280K, reserved 1064960K
  class space    used 1715K, capacity 1851K, committed 1920K, reserved 1048576K
}
Event: 9.600 GC heap after
{Heap after GC invocations=25 (full 0):
 garbage-first heap   total 405504K, used 195072K [0x00000000c0000000, 0x0000000100000000)
  region size 1024K, 16 young (16384K), 16 survivors (16384K)
 Metaspace       used 16829K, capacity 17177K, committed 17280K, reserved 1064960K
  class space    used 1715K, capacity 1851K, committed 1920K, reserved 1048576K
}
Event: 10.401 GC heap before
{Heap before GC invocations=25 (full 0):
 garbage-first heap   total 405504K, used 299520K [0x00000000c0000000, 0x0000000100000000)
  region size 1024K, 118 young (120832K), 16 survivors (16384K)
 Metaspace       used 16848K, capacity 17177K, committed 17280K, reserved 1064960K
  class space    used 1716K, capacity 1851K, committed 1920K, reserved 1048576K
}
Event: 10.444 GC heap after
{Heap after GC invocations=26 (full 0):
 garbage-first heap   total 534528K, used 215552K [0x00000000c0000000, 0x0000000100000000)
  region size 1024K, 15 young (15360K), 15 survivors (15360K)
 Metaspace       used 16848K, capacity 17177K, committed 17280K, reserved 1064960K
  class space    used 1716K, capacity 1851K, committed 1920K, reserved 1048576K
}

